================================================================================
Embryo Detection Warnings and Validation Log
================================================================================

All warnings and validation messages from embryo detection:

    [Embryo A] ⚠ CRITICAL: Tail at x=2219.0 is on RIGHT side (center=1110.0)
    [Embryo A] ⚠ CRITICAL: Violates spatial constraints
    [Embryo B] ⚠ CRITICAL: Head at x=610.0 is on LEFT side (center=1132.5)
    [Embryo B] ⚠ CRITICAL: Tail at x=1042.0 is on LEFT side (center=1132.5)
    [Embryo A] ⚠ CRITICAL: Violates spatial constraints
    [Embryo A] ⚠ CRITICAL: Tail at x=2758.0 is on RIGHT side (center=1452.0)
    [Embryo A] ⚠ CRITICAL: Violates spatial constraints
    [Embryo B] ⚠ CRITICAL: Violates spatial constraints
    [Embryo A] ⚠ CRITICAL: Tail at x=2727.0 is on RIGHT side (center=1465.0)
    [Embryo A] ⚠ CRITICAL: Violates spatial constraints
    [Embryo B] ⚠ CRITICAL: Violates spatial constraints
    [Embryo A] ⚠ CRITICAL: Tail at x=2640.0 is on RIGHT side (center=1394.0)
    [Embryo A] ⚠ CRITICAL: Violates spatial constraints
    [Embryo B] ⚠ CRITICAL: Violates spatial constraints
    [Embryo A] ⚠ CRITICAL: Tail at x=2703.0 is on RIGHT side (center=1437.0)
    [Embryo A] ⚠ CRITICAL: Violates spatial constraints
    [Embryo B] ⚠ CRITICAL: Violates spatial constraints
    ⚠ Skipping single-frame TIFF: C after wound - MAX_colored.tif (1 frame(s))
    [Embryo A] ⚠ CRITICAL: Tail at x=2685.0 is on RIGHT side (center=1417.5)
    [Embryo A] ⚠ CRITICAL: Violates spatial constraints
    [Folder 16, Video C after wound - Substack (55-601).tif] [Embryo B] ⚠ CRITICAL: Head-tail distance too short (65.7px < 144.8px)
    ⚠ Skipping single-frame TIFF: TMR.tif (1 frame(s))
