================================================================================
Embryo Detection Warnings and Validation Log
================================================================================

All warnings and validation messages from embryo detection:

    [Embryo A] ⚠ CRITICAL: Tail at x=2219.0 is on RIGHT side (center=1110.0)
    [Embryo A] ⚠ CRITICAL: Violates spatial constraints
    [Embryo B] ⚠ CRITICAL: Head at x=610.0 is on LEFT side (center=1132.5)
    [Embryo B] ⚠ CRITICAL: Tail at x=1042.0 is on LEFT side (center=1132.5)
    [Embryo A] ⚠ CRITICAL: Violates spatial constraints
    [Embryo A] ⚠ CRITICAL: Tail at x=2837.0 is on RIGHT side (center=1480.0)
    [Embryo A] ⚠ CRITICAL: Violates spatial constraints
    ⚠ Skipping single-frame TIFF: C - color time scale.tif (1 frame(s))
    ⚠ Skipping single-frame TIFF: TMR.tif (1 frame(s))
    [Embryo A] ⚠ CRITICAL: Tail at x=1539.0 is on RIGHT side (center=1477.0)
    [Embryo A] ⚠ Volume unusual: area=371044 (13.59% of image), typical ~40942 (±30%)
    [Embryo B] ⚠ Volume unusual: area=403748 (14.79% of image), typical ~40942 (±30%)
    [Embryo B] ⚠ CRITICAL: Violates spatial constraints
    [Embryo A] ⚠ CRITICAL: Tail at x=2948.0 is on RIGHT side (center=1480.0)
    [Embryo A] ⚠ CRITICAL: Violates spatial constraints
    [Embryo B] ⚠ CRITICAL: Violates spatial constraints
    [Embryo B] ⚠ CRITICAL: Head at x=631.0 is on LEFT side (center=1477.0)
    [Embryo B] ⚠ CRITICAL: Head-tail distance too short (9.0px < 147.7px)
    [Embryo B] ⚠ CRITICAL: Violates spatial constraints
    [Embryo A] ⚠ CRITICAL: Tail at x=2959.0 is on RIGHT side (center=1480.0)
    [Embryo A] ⚠ CRITICAL: Violates spatial constraints
    [Embryo B] ⚠ CRITICAL: Head at x=1329.0 is on LEFT side (center=1420.0)
    [Embryo B] ⚠ CRITICAL: Head-tail distance too short (113.4px < 142.0px)
    [Folder 5, Video B after poke - Substack (1-361).tif] [Embryo A] ⚠ CRITICAL: Head-tail distance too short (83.9px < 162.7px)
    [Embryo A] ⚠ Head-tail distance is short (206.1px, threshold: 162.7px)
    [Embryo B] ⚠ CRITICAL: Head at x=588.0 is on LEFT side (center=1407.0)
    [Embryo B] ⚠ CRITICAL: Tail at x=1383.0 is on LEFT side (center=1407.0)
    ⚠ Skipping single-frame TIFF: TMR.tif (1 frame(s))
    [Embryo A] ⚠ CRITICAL: Head at x=2787.0 is on RIGHT side (center=1456.0)
    [Embryo A] ⚠ CRITICAL: Head-tail distance too short (4.0px < 145.6px)
    [Embryo A] ⚠ CRITICAL: Tail at x=2766.0 is on RIGHT side (center=1410.0)
    [Embryo A] ⚠ CRITICAL: Violates spatial constraints
    [Embryo A] ⚠ CRITICAL: Tail at x=2784.0 is on RIGHT side (center=1474.0)
    [Embryo A] ⚠ CRITICAL: Violates spatial constraints
    [Folder 7, Video B - Substack (1-301).tif] [Embryo A] ⚠ CRITICAL: Tail at x=1565.5 is on RIGHT side (center=1479.5)
    [Embryo A] ⚠ CRITICAL: Tail at x=2842.0 is on RIGHT side (center=1480.0)
    [Embryo A] ⚠ CRITICAL: Violates spatial constraints
    [Folder 7, Video C - Substack (20-421).tif] [Embryo A] ⚠ CRITICAL: Tail at x=2230.8 is on RIGHT side (center=1479.5)
    [Embryo B] ⚠ CRITICAL: Head at x=638.0 is on LEFT side (center=1480.0)
    [Embryo B] ⚠ CRITICAL: Tail at x=1299.0 is on LEFT side (center=1480.0)
    [Embryo A] ⚠ CRITICAL: Violates spatial constraints
    [Embryo B] ⚠ CRITICAL: Head at x=1289.0 is on LEFT side (center=1480.0)
    [Embryo B] ⚠ CRITICAL: Tail at x=594.0 is on LEFT side (center=1480.0)
    [Embryo A] ⚠ CRITICAL: Tail at x=1470.0 is on RIGHT side (center=753.0)
    ⚠ Skipping single-frame TIFF: C1 - MAX_colored.tif (1 frame(s))
    [Embryo A] ⚠ CRITICAL: Head at x=1412.0 is on RIGHT side (center=730.0)
    [Embryo A] ⚠ CRITICAL: Head-tail distance too short (0.0px < 73.0px)
    [Embryo B] ⚠ CRITICAL: Head at x=326.0 is on LEFT side (center=606.0)
    [Embryo B] ⚠ CRITICAL: Head-tail distance too short (16.0px < 60.6px)
    [Embryo A] ⚠ CRITICAL: Tail at x=1191.0 is on RIGHT side (center=625.5)
    [Embryo A] ⚠ CRITICAL: Tail at x=790.0 is on RIGHT side (center=764.0)
    [Both Embryos] ⚠ Volume mismatch: A area=257226, B area=152442, difference=51.2% (>30% threshold)
    [Both Embryos] ⚠ A is 1.7x larger than B - A might encompass both embryos
    [Embryo A] ⚠ Volume unusual: area=257226 (22.51% of image), typical ~17144 (±30%)
    [Embryo B] ⚠ Volume unusual: area=152442 (13.34% of image), typical ~17144 (±30%)
    [Embryo A] ⚠ CRITICAL: Head at x=797.0 is on RIGHT side (center=743.0)
    [Embryo A] ⚠ CRITICAL: Tail at x=2758.0 is on RIGHT side (center=1452.0)
    [Embryo A] ⚠ CRITICAL: Violates spatial constraints
    [Embryo B] ⚠ CRITICAL: Violates spatial constraints
    [Embryo A] ⚠ CRITICAL: Tail at x=2727.0 is on RIGHT side (center=1465.0)
    [Embryo A] ⚠ CRITICAL: Violates spatial constraints
    [Embryo B] ⚠ CRITICAL: Violates spatial constraints
    [Embryo A] ⚠ CRITICAL: Tail at x=1246.0 is on RIGHT side (center=703.5)
    [Folder 13, Video B - Substack (1-301).tif] [Embryo A] ⚠ CRITICAL: Head-tail distance too short (3.5px < 162.7px)
    [Embryo A] ⚠ CRITICAL: Tail at x=1293.0 is on RIGHT side (center=702.0)
    [Embryo A] ⚠ CRITICAL: Head at x=1375.0 is on RIGHT side (center=726.0)
    [Embryo A] ⚠ CRITICAL: Tail at x=1348.0 is on RIGHT side (center=742.0)
    [Embryo A] ⚠ CRITICAL: Tail at x=2862.0 is on RIGHT side (center=1480.0)
    [Embryo A] ⚠ CRITICAL: Violates spatial constraints
    [Folder 15, Video B - Substack (1-301).tif] [Embryo A] ⚠ CRITICAL: Head at x=1567.3 is on RIGHT side (center=1479.5)
    [Folder 15, Video B - Substack (1-301).tif] [Embryo A] ⚠ CRITICAL: Tail at x=2091.7 is on RIGHT side (center=1479.5)
    [Folder 15, Video B - Substack (1-301).tif] [Embryo A] ⚠ CRITICAL: Still violates spatial constraints after correction
    [Embryo A] ⚠ CRITICAL: Tail at x=2935.0 is on RIGHT side (center=1468.0)
    [Embryo A] ⚠ CRITICAL: Violates spatial constraints
    [Folder 15, Video C - Substack (1-301).tif] [Embryo A] ⚠ CRITICAL: Head at x=1912.0 is on RIGHT side (center=1479.5)
    [Folder 15, Video C - Substack (1-301).tif] [Embryo A] ⚠ CRITICAL: Tail at x=2200.5 is on RIGHT side (center=1479.5)
    [Folder 15, Video C - Substack (1-301).tif] [Embryo A] ⚠ CRITICAL: Still violates spatial constraints after correction
    [Embryo A] ⚠ CRITICAL: Tail at x=2640.0 is on RIGHT side (center=1394.0)
    [Embryo A] ⚠ CRITICAL: Violates spatial constraints
    [Embryo B] ⚠ CRITICAL: Violates spatial constraints
    [Folder 16, Video B 10 min after wound - Substack (1-301).tif] [Embryo B] ⚠ CRITICAL: Tail at x=1432.5 is on LEFT side (center=1479.5)
    [Embryo A] ⚠ CRITICAL: Tail at x=2703.0 is on RIGHT side (center=1437.0)
    [Embryo A] ⚠ CRITICAL: Violates spatial constraints
    ⚠ Skipping single-frame TIFF: C after wound - MAX_colored.tif (1 frame(s))
    [Embryo A] ⚠ CRITICAL: Tail at x=2685.0 is on RIGHT side (center=1417.5)
    [Embryo A] ⚠ CRITICAL: Violates spatial constraints
    [Folder 16, Video C after wound - Substack (55-601).tif] [Embryo B] ⚠ CRITICAL: Head-tail distance too short (65.7px < 162.7px)
    ⚠ Skipping single-frame TIFF: TMR.tif (1 frame(s))
    ⚠ Skipping single-frame TIFF: C after wound - MAX_Colored.tif (1 frame(s))
    [Embryo B] ⚠ CRITICAL: Head at x=694.0 is on LEFT side (center=1471.5)
    [Embryo B] ⚠ CRITICAL: Tail at x=503.0 is on LEFT side (center=1471.5)
    [Folder 17, Video C after wound - Substack (24-361).tif] [Embryo B] ⚠ CRITICAL: Head at x=206.9 is on LEFT side (center=1479.5)
    [Folder 17, Video C after wound - Substack (24-361).tif] [Embryo B] ⚠ CRITICAL: Tail at x=1320.0 is on LEFT side (center=1479.5)
    [Embryo A] ⚠ CRITICAL: Tail at x=305.0 is on RIGHT side (center=153.0)
    [Folder 17, Video Contraction - Substack (103-197).tif] [Embryo B] ⚠ CRITICAL: Head at x=209.0 is on LEFT side (center=1479.5)
    [Folder 17, Video Contraction - Substack (103-197).tif] [Embryo B] ⚠ CRITICAL: Tail at x=64.5 is on LEFT side (center=1479.5)
    ⚠ Skipping single-frame TIFF: TMR.tif (1 frame(s))
    [Embryo A] ⚠ CRITICAL: Tail at x=1472.0 is on RIGHT side (center=762.0)
    [Embryo A] ⚠ CRITICAL: Head-tail distance too short (0.0px < 76.2px)
    [Embryo A] ⚠ CRITICAL: Head-tail distance too short (113.3px < 162.7px threshold)
    [Folder 18, Video B - Substack (1-301).tif] [Embryo A] ⚠ CRITICAL: Head-tail distance too short (148.7px < 162.7px)
    [Embryo A] ⚠ CRITICAL: Tail at x=1023.0 is on RIGHT side (center=756.0)
    [Embryo B] ⚠ CRITICAL: Tail at x=369.0 is on LEFT side (center=435.0)
    [Both Embryos] ⚠ Volume mismatch: A area=143247, B area=9028, difference=176.3% (>30% threshold)
    [Both Embryos] ⚠ A is 15.9x larger than B - A might encompass both embryos
    [Embryo A] ⚠ Volume unusual: area=143247 (37.42% of image), typical ~5742 (±30%)
    ⚠ Skipping single-frame TIFF: TMR.tif (1 frame(s))
    [Embryo A] ⚠ CRITICAL: Tail at x=2206.0 is on RIGHT side (center=1132.5)
    [Embryo A] ⚠ CRITICAL: Violates spatial constraints
    [Folder 19, Video B - Substack (1-421).tif] [Embryo A] ⚠ CRITICAL: Tail at x=1984.9 is on RIGHT side (center=1479.5)
    [Embryo A] ⚠ CRITICAL: Tail at x=2231.0 is on RIGHT side (center=1116.0)
    [Embryo A] ⚠ CRITICAL: Violates spatial constraints
    [Folder 19, Video C - Substack (33-573).tif] [Embryo A] ⚠ CRITICAL: Tail at x=2026.5 is on RIGHT side (center=1479.5)
    [Folder 20, Video B - Substack (1-421).tif] [Embryo A] ⚠ CRITICAL: Head-tail distance too short (0.0px < 162.7px)
    [Embryo A] ⚠ CRITICAL: Head at x=2515.0 is on RIGHT side (center=1365.0)
    [Embryo A] ⚠ CRITICAL: Head-tail distance too short (0.0px < 136.5px)
    [Embryo A] ⚠ CRITICAL: Head-tail distance too short (120.3px < 162.7px threshold)
    [Embryo A] ⚠ CRITICAL: Tail at x=2899.0 is on RIGHT side (center=1480.0)
    [Embryo A] ⚠ CRITICAL: Violates spatial constraints
    [Embryo A] ⚠ CRITICAL: Tail at x=2585.0 is on RIGHT side (center=1350.0)
    [Embryo A] ⚠ CRITICAL: Violates spatial constraints
    [Embryo A] ⚠ CRITICAL: Tail at x=2590.0 is on RIGHT side (center=1372.5)
    [Embryo A] ⚠ CRITICAL: Violates spatial constraints
    [Embryo A] ⚠ CRITICAL: Head at x=2665.0 is on RIGHT side (center=1443.0)
    [Embryo A] ⚠ CRITICAL: Head-tail distance too short (6.0px < 144.3px)
    ⚠ Skipping single-frame TIFF: TMR - adding media.tif (1 frame(s))
    ⚠ Skipping single-frame TIFF: TMR.tif (1 frame(s))
    [Embryo A] ⚠ CRITICAL: Tail at x=2769.0 is on RIGHT side (center=1444.0)
    [Embryo A] ⚠ CRITICAL: Violates spatial constraints
    [Folder 23, Video B 10 min after wound - Substack (1-301).tif] [Embryo B] ⚠ CRITICAL: Head-tail distance too short (158.3px < 162.7px)
    [Embryo A] ⚠ CRITICAL: Tail at x=2772.0 is on RIGHT side (center=1443.0)
    [Embryo A] ⚠ CRITICAL: Violates spatial constraints
    [Embryo A] ⚠ CRITICAL: Tail at x=2760.0 is on RIGHT side (center=1443.0)
    [Embryo A] ⚠ CRITICAL: Violates spatial constraints
    [Embryo A] ⚠ CRITICAL: Tail at x=2833.0 is on RIGHT side (center=1474.0)
    [Embryo A] ⚠ CRITICAL: Violates spatial constraints
    [Embryo A] ⚠ CRITICAL: Tail at x=443.0 is on RIGHT side (center=222.0)
    [Embryo A] ⚠ CRITICAL: Head at x=2712.0 is on RIGHT side (center=1449.0)
    [Embryo A] ⚠ CRITICAL: Head-tail distance too short (5.0px < 144.9px)
    [Embryo A] ⚠ CRITICAL: Tail at x=2865.0 is on RIGHT side (center=1480.0)
    [Embryo A] ⚠ CRITICAL: Violates spatial constraints
    [Embryo B] ⚠ CRITICAL: Violates spatial constraints
    [Embryo B] ⚠ CRITICAL: Head at x=124.0 is on LEFT side (center=190.0)
    [Embryo B] ⚠ CRITICAL: Tail at x=160.0 is on LEFT side (center=190.0)
    [Embryo A] ⚠ CRITICAL: Head-tail distance too short (44.6px < 162.7px threshold)
    [Folder 24, Video Contraction - Substack (1-95).tif] [Embryo A] ⚠ CRITICAL: Head-tail distance too short (42.3px < 162.7px)
    [Folder 24, Video Contraction - Substack (1-95).tif] [Embryo B] ⚠ CRITICAL: Head at x=372.0 is on LEFT side (center=1479.5)
    [Folder 24, Video Contraction - Substack (1-95).tif] [Embryo B] ⚠ CRITICAL: Tail at x=158.0 is on LEFT side (center=1479.5)
    [Embryo A] ⚠ CRITICAL: Tail at x=1269.0 is on RIGHT side (center=1162.5)
    [Embryo B] ⚠ CRITICAL: Tail at x=1039.0 is on LEFT side (center=1162.5)
    [Both Embryos] ⚠ Volume mismatch: A area=161562, B area=244222, difference=40.7% (>30% threshold)
    [Both Embryos] ⚠ B is 1.5x larger than A - B might encompass both embryos
    [Embryo A] ⚠ Volume unusual: area=161562 (9.90% of image), typical ~24482 (±30%)
    [Embryo B] ⚠ Volume unusual: area=244222 (14.96% of image), typical ~24482 (±30%)
    [Folder 25, Video B 10 min after wound - Substack (1-301).tif] [Embryo B] ⚠ CRITICAL: Head at x=1115.5 is on LEFT side (center=1479.5)
    [Folder 25, Video B 10 min after wound - Substack (1-301).tif] [Embryo B] ⚠ CRITICAL: Tail at x=1293.3 is on LEFT side (center=1479.5)
    [Embryo B] ⚠ CRITICAL: Tail at x=932.0 is on LEFT side (center=1102.5)
    [Embryo A] ⚠ Volume unusual: area=187088 (11.22% of image), typical ~25005 (±30%)
    [Embryo B] ⚠ Volume unusual: area=238219 (14.29% of image), typical ~25005 (±30%)
    [Embryo B] ⚠ CRITICAL: Tail at x=959.0 is on LEFT side (center=1120.5)
    [Embryo A] ⚠ Volume unusual: area=192301 (12.55% of image), typical ~22993 (±30%)
    [Embryo B] ⚠ Volume unusual: area=254940 (16.63% of image), typical ~22993 (±30%)
    [Embryo B] ⚠ CRITICAL: Violates spatial constraints
    [Folder 25, Video C after wound - Substack (69-1201).tif] [Embryo B] ⚠ CRITICAL: Head at x=1211.3 is on LEFT side (center=1479.5)
    [Folder 25, Video C after wound - Substack (69-1201).tif] [Embryo B] ⚠ CRITICAL: Head-tail distance too short (0.0px < 162.7px)
    [Embryo A] ⚠ CRITICAL: Head at x=2765.0 is on RIGHT side (center=1435.5)
    [Embryo A] ⚠ CRITICAL: Head-tail distance too short (3.0px < 143.6px)
    [Embryo B] ⚠ CRITICAL: Violates spatial constraints
    [Embryo A] ⚠ CRITICAL: Tail at x=2791.0 is on RIGHT side (center=1453.0)
    [Embryo A] ⚠ CRITICAL: Violates spatial constraints
    [Embryo A] ⚠ CRITICAL: Head at x=2839.0 is on RIGHT side (center=1458.0)
    [Embryo A] ⚠ CRITICAL: Head-tail distance too short (0.0px < 145.8px)
    [Embryo A] ⚠ CRITICAL: Violates spatial constraints
    [Embryo A] ⚠ CRITICAL: Tail at x=2772.0 is on RIGHT side (center=1467.0)
    [Embryo A] ⚠ CRITICAL: Violates spatial constraints
    [Embryo A] ⚠ CRITICAL: Tail at x=2768.0 is on RIGHT side (center=1404.0)
    [Embryo A] ⚠ CRITICAL: Violates spatial constraints
    [Embryo A] ⚠ CRITICAL: Tail at x=2846.0 is on RIGHT side (center=1480.0)
    [Embryo A] ⚠ CRITICAL: Violates spatial constraints
    [Embryo A] ⚠ CRITICAL: Tail at x=2852.0 is on RIGHT side (center=1476.0)
    [Embryo A] ⚠ CRITICAL: Violates spatial constraints
    [Embryo A] ⚠ CRITICAL: Head at x=2850.0 is on RIGHT side (center=1480.0)
    [Embryo A] ⚠ CRITICAL: Head-tail distance too short (0.0px < 148.0px)
    [Embryo A] ⚠ Head-tail distance is short (207.3px, threshold: 162.7px)
    [Embryo B] ⚠ CRITICAL: Tail at x=958.0 is on LEFT side (center=1460.0)
    [Embryo B] ⚠ CRITICAL: Head-tail distance too short (40.4px < 146.0px)
    [Embryo B] ⚠ CRITICAL: Violates spatial constraints
    [Embryo B] ⚠ CRITICAL: Head at x=1445.0 is on LEFT side (center=1480.0)
    [Embryo B] ⚠ CRITICAL: Tail at x=963.0 is on LEFT side (center=1480.0)
    [Embryo B] ⚠ CRITICAL: Head-tail distance too short (66.9px < 148.0px)
    [Embryo A] ⚠ CRITICAL: Tail at x=2842.0 is on RIGHT side (center=1472.0)
    [Embryo A] ⚠ CRITICAL: Violates spatial constraints
    [Embryo B] ⚠ CRITICAL: Violates spatial constraints
    [Embryo A] ⚠ CRITICAL: Tail at x=2840.0 is on RIGHT side (center=1472.0)
    [Embryo A] ⚠ CRITICAL: Violates spatial constraints
    [Embryo A] ⚠ CRITICAL: Tail at x=2950.0 is on RIGHT side (center=1480.0)
    [Embryo A] ⚠ CRITICAL: Violates spatial constraints
    [Embryo A] ⚠ CRITICAL: Head at x=1766.0 is on RIGHT side (center=1480.0)
    [Embryo A] ⚠ CRITICAL: Head-tail distance too short (7.0px < 148.0px)
    [Folder 33, Video C5 - Substack (51-421).tif] [Embryo A] ⚠ CRITICAL: Head-tail distance too short (4.6px < 162.7px)
